Warning: ignoring unsupported tag `ALLOW_UNICODE_NAMES    =' at line 79, file /home/travis/build/taka-wang/modbusd/Doxyfile
Warning: ignoring unsupported tag `HIDE_COMPOUND_REFERENCE=' at line 525, file /home/travis/build/taka-wang/modbusd/Doxyfile
Warning: Tag `CLANG_ASSISTED_PARSING' at line 1045 of file /home/travis/build/taka-wang/modbusd/Doxyfile belongs to an option that was not enabled at compile time.
To avoid this warning please remove this line from your configuration file, upgrade it using "doxygen -u", or recompile doxygen with this feature enabled.
Warning: Tag `CLANG_OPTIONS' at line 1053 of file /home/travis/build/taka-wang/modbusd/Doxyfile belongs to an option that was not enabled at compile time.
To avoid this warning please remove this line from your configuration file, upgrade it using "doxygen -u", or recompile doxygen with this feature enabled.
Warning: ignoring unsupported tag `LATEX_EXTRA_STYLESHEET =' at line 1722, file /home/travis/build/taka-wang/modbusd/Doxyfile
Warning: ignoring unsupported tag `RTF_SOURCE_CODE        =' at line 1847, file /home/travis/build/taka-wang/modbusd/Doxyfile
Warning: ignoring unsupported tag `MAN_SUBDIR             =' at line 1882, file /home/travis/build/taka-wang/modbusd/Doxyfile
Warning: ignoring unsupported tag `DOCBOOK_PROGRAMLISTING =' at line 1945, file /home/travis/build/taka-wang/modbusd/Doxyfile
Warning: ignoring unsupported tag `PLANTUML_JAR_PATH      =' at line 2368, file /home/travis/build/taka-wang/modbusd/Doxyfile
Warning: ignoring unsupported tag `PLANTUML_INCLUDE_PATH  =' at line 2373, file /home/travis/build/taka-wang/modbusd/Doxyfile
Searching for include files...
Searching for example files...
Searching for images...
Searching for dot files...
Searching for msc files...
Searching for dia files...
Searching for files to exclude
Searching for files to process...
Searching for files in directory /home/travis/build/taka-wang/modbusd
Searching for files in directory /home/travis/build/taka-wang/modbusd/cmake
Searching for files in directory /home/travis/build/taka-wang/modbusd/cmake/modules
Searching for files in directory /home/travis/build/taka-wang/modbusd/code_docs
Searching for files in directory /home/travis/build/taka-wang/modbusd/code_docs/modbusd
Searching for files in directory /home/travis/build/taka-wang/modbusd/config
Searching for files in directory /home/travis/build/taka-wang/modbusd/image
Searching for files in directory /home/travis/build/taka-wang/modbusd/json
Searching for files in directory /home/travis/build/taka-wang/modbusd/license
Searching for files in directory /home/travis/build/taka-wang/modbusd/tests
Searching for files in directory /home/travis/build/taka-wang/modbusd/tests/cmbserver
Searching for files in directory /home/travis/build/taka-wang/modbusd/tests/cunit
Searching for files in directory /home/travis/build/taka-wang/modbusd/tests/goclient
Searching for files in directory /home/travis/build/taka-wang/modbusd/tests/mbserver
Searching for files in directory /home/travis/build/taka-wang/modbusd/tests/zclient
Searching for files in directory /home/travis/build/taka-wang/modbusd/tests/zclient/test
Reading and parsing tag files
Parsing files
Preprocessing /home/travis/build/taka-wang/modbusd/json/cJSON.c...
Parsing file /home/travis/build/taka-wang/modbusd/json/cJSON.c...
Preprocessing /home/travis/build/taka-wang/modbusd/json/cJSON.h...
Parsing file /home/travis/build/taka-wang/modbusd/json/cJSON.h...
Preprocessing /home/travis/build/taka-wang/modbusd/json/cJSON_Utils.c...
Parsing file /home/travis/build/taka-wang/modbusd/json/cJSON_Utils.c...
Preprocessing /home/travis/build/taka-wang/modbusd/json/cJSON_Utils.h...
Parsing file /home/travis/build/taka-wang/modbusd/json/cJSON_Utils.h...
Preprocessing /home/travis/build/taka-wang/modbusd/json.c...
Parsing file /home/travis/build/taka-wang/modbusd/json.c...
Preprocessing /home/travis/build/taka-wang/modbusd/json.h...
Parsing file /home/travis/build/taka-wang/modbusd/json.h...
Preprocessing /home/travis/build/taka-wang/modbusd/log.h...
Parsing file /home/travis/build/taka-wang/modbusd/log.h...
Preprocessing /home/travis/build/taka-wang/modbusd/main.c...
Parsing file /home/travis/build/taka-wang/modbusd/main.c...
Preprocessing /home/travis/build/taka-wang/modbusd/main.h...
Parsing file /home/travis/build/taka-wang/modbusd/main.h...
Preprocessing /home/travis/build/taka-wang/modbusd/mb.c...
Parsing file /home/travis/build/taka-wang/modbusd/mb.c...
Preprocessing /home/travis/build/taka-wang/modbusd/mb.h...
Parsing file /home/travis/build/taka-wang/modbusd/mb.h...
Preprocessing /home/travis/build/taka-wang/modbusd/mbtcp.c...
Parsing file /home/travis/build/taka-wang/modbusd/mbtcp.c...
Preprocessing /home/travis/build/taka-wang/modbusd/tests/cmbserver/server.c...
Parsing file /home/travis/build/taka-wang/modbusd/tests/cmbserver/server.c...
Preprocessing /home/travis/build/taka-wang/modbusd/tests/cunit/test.c...
Parsing file /home/travis/build/taka-wang/modbusd/tests/cunit/test.c...
Preprocessing /home/travis/build/taka-wang/modbusd/tests/mbserver/helpers.js...
Parsing file /home/travis/build/taka-wang/modbusd/tests/mbserver/helpers.js...
Preprocessing /home/travis/build/taka-wang/modbusd/tests/mbserver/server.js...
Parsing file /home/travis/build/taka-wang/modbusd/tests/mbserver/server.js...
Preprocessing /home/travis/build/taka-wang/modbusd/tests/zclient/client.js...
Parsing file /home/travis/build/taka-wang/modbusd/tests/zclient/client.js...
Preprocessing /home/travis/build/taka-wang/modbusd/tests/zclient/client2.js...
Parsing file /home/travis/build/taka-wang/modbusd/tests/zclient/client2.js...
Preprocessing /home/travis/build/taka-wang/modbusd/tests/zclient/client3.js...
Parsing file /home/travis/build/taka-wang/modbusd/tests/zclient/client3.js...
Preprocessing /home/travis/build/taka-wang/modbusd/tests/zclient/sub.js...
Parsing file /home/travis/build/taka-wang/modbusd/tests/zclient/sub.js...
Preprocessing /home/travis/build/taka-wang/modbusd/uthash.h...
Parsing file /home/travis/build/taka-wang/modbusd/uthash.h...
Building group list...
Building directory list...
Building namespace list...
Building file list...
Building class list...
Associating documentation with classes...
Computing nesting relations for classes...
Building example list...
Searching for enumerations...
Searching for documented typedefs...
Searching for members imported via using declarations...
Searching for included using directives...
Searching for documented variables...
Building interface member list...
Building member list...
Searching for friends...
Searching for documented defines...
Computing class inheritance relations...
Computing class usage relations...
Flushing cached template relations that have become invalid...
Creating members for template instances...
Computing class relations...
Add enum values to enums...
Searching for member function documentation...
Building page list...
Search for main page...
Computing page relations...
Determining the scope of groups...
Sorting lists...
Freeing entry tree
Determining which enums are documented
Computing member relations...
Building full member lists recursively...
Adding members to member groups.
Computing member references...
Inheriting documentation...
Generating disk names...
Adding source references...
Adding xrefitems...
Sorting member lists...
Computing dependencies between directories...
Generating citations page...
Counting data structures...
Resolving user defined references...
Finding anchors and sections in the documentation...
Transferring function references...
Combining using relations...
Adding members to index pages...
Generating style sheet...
Generating search indices...
Generating example documentation...
Generating file sources...
Parsing code for file /home/travis/build/taka-wang/modbusd/json.c...
Generating code for file /home/travis/build/taka-wang/modbusd/json.h...
Parsing code for file /home/travis/build/taka-wang/modbusd/json/cJSON.c...
Generating code for file /home/travis/build/taka-wang/modbusd/json/cJSON.h...
Parsing code for file /home/travis/build/taka-wang/modbusd/json/cJSON_Utils.c...
Generating code for file /home/travis/build/taka-wang/modbusd/json/cJSON_Utils.h...
Generating code for file /home/travis/build/taka-wang/modbusd/log.h...
Parsing code for file /home/travis/build/taka-wang/modbusd/main.c...
Generating code for file /home/travis/build/taka-wang/modbusd/main.h...
Parsing code for file /home/travis/build/taka-wang/modbusd/mb.c...
Generating code for file /home/travis/build/taka-wang/modbusd/mb.h...
Parsing code for file /home/travis/build/taka-wang/modbusd/mbtcp.c...
Parsing code for file /home/travis/build/taka-wang/modbusd/tests/cmbserver/server.c...
Parsing code for file /home/travis/build/taka-wang/modbusd/tests/cunit/test.c...
Parsing code for file /home/travis/build/taka-wang/modbusd/tests/mbserver/helpers.js...
Parsing code for file /home/travis/build/taka-wang/modbusd/tests/mbserver/server.js...
Parsing code for file /home/travis/build/taka-wang/modbusd/tests/zclient/client.js...
Parsing code for file /home/travis/build/taka-wang/modbusd/tests/zclient/client2.js...
Parsing code for file /home/travis/build/taka-wang/modbusd/tests/zclient/client3.js...
Parsing code for file /home/travis/build/taka-wang/modbusd/tests/zclient/sub.js...
Generating code for file /home/travis/build/taka-wang/modbusd/uthash.h...
Generating file documentation...
Generating docs for file /home/travis/build/taka-wang/modbusd/json.c...
Generating call graph for function file_to_json
Generating call graph for function json_get_char
Generating caller graph for function json_get_char
Generating call graph for function json_get_int
Generating caller graph for function json_get_int
Generating call graph for function json_release
Generating call graph for function json_to_file
Generating docs for file /home/travis/build/taka-wang/modbusd/json.h...
Generating call graph for function file_to_json
Generating call graph for function json_get_char
Generating caller graph for function json_get_char
Generating call graph for function json_get_int
Generating caller graph for function json_get_int
Generating call graph for function json_release
Generating call graph for function json_to_file
Generating docs for file /home/travis/build/taka-wang/modbusd/json/cJSON.c...
Generating call graph for function cJSON_AddItemReferenceToArray
Generating call graph for function cJSON_AddItemReferenceToObject
Generating caller graph for function cJSON_AddItemToArray
Generating call graph for function cJSON_AddItemToObject
Generating caller graph for function cJSON_AddItemToObject
Generating call graph for function cJSON_AddItemToObjectCS
Generating caller graph for function cJSON_CreateArray
Generating call graph for function cJSON_CreateDoubleArray
Generating call graph for function cJSON_CreateFloatArray
Generating call graph for function cJSON_CreateIntArray
Generating caller graph for function cJSON_CreateIntArray
Generating caller graph for function cJSON_CreateNull
Generating caller graph for function cJSON_CreateNumber
Generating caller graph for function cJSON_CreateObject
Generating call graph for function cJSON_CreateString
Generating caller graph for function cJSON_CreateString
Generating call graph for function cJSON_CreateStringArray
Generating caller graph for function cJSON_CreateUInt16
Generating call graph for function cJSON_CreateUInt16Array
Generating caller graph for function cJSON_CreateUInt8
Generating call graph for function cJSON_CreateUInt8Array
Generating call graph for function cJSON_Delete
Generating caller graph for function cJSON_Delete
Generating call graph for function cJSON_DeleteItemFromArray
Generating call graph for function cJSON_DeleteItemFromObject
Generating caller graph for function cJSON_DeleteItemFromObject
Generating caller graph for function cJSON_DetachItemFromArray
Generating call graph for function cJSON_DetachItemFromObject
Generating caller graph for function cJSON_DetachItemFromObject
Generating call graph for function cJSON_Duplicate
Generating caller graph for function cJSON_Duplicate
Generating caller graph for function cJSON_GetArrayItem
Generating caller graph for function cJSON_GetArraySize
Generating caller graph for function cJSON_GetObjectItem
Generating call graph for function cJSON_HasObjectItem
Generating call graph for function cJSON_InsertItemInArray
Generating call graph for function cJSON_Parse
Generating caller graph for function cJSON_Parse
Generating call graph for function cJSON_ParseWithOpts
Generating caller graph for function cJSON_ParseWithOpts
Generating caller graph for function cJSON_Print
Generating caller graph for function cJSON_PrintUnformatted
Generating call graph for function cJSON_ReplaceItemInArray
Generating caller graph for function cJSON_ReplaceItemInArray
Generating call graph for function cJSON_ReplaceItemInObject
Generating docs for file /home/travis/build/taka-wang/modbusd/json/cJSON.h...
Generating call graph for function cJSON_AddItemReferenceToArray
Generating call graph for function cJSON_AddItemReferenceToObject
Generating caller graph for function cJSON_AddItemToArray
Generating call graph for function cJSON_AddItemToObject
Generating caller graph for function cJSON_AddItemToObject
Generating call graph for function cJSON_AddItemToObjectCS
Generating caller graph for function cJSON_CreateArray
Generating call graph for function cJSON_CreateDoubleArray
Generating call graph for function cJSON_CreateFloatArray
Generating call graph for function cJSON_CreateIntArray
Generating caller graph for function cJSON_CreateIntArray
Generating caller graph for function cJSON_CreateNull
Generating caller graph for function cJSON_CreateNumber
Generating caller graph for function cJSON_CreateObject
Generating call graph for function cJSON_CreateString
Generating caller graph for function cJSON_CreateString
Generating call graph for function cJSON_CreateStringArray
Generating call graph for function cJSON_CreateUInt16Array
Generating call graph for function cJSON_CreateUInt8Array
Generating call graph for function cJSON_Delete
Generating caller graph for function cJSON_Delete
Generating call graph for function cJSON_DeleteItemFromArray
Generating call graph for function cJSON_DeleteItemFromObject
Generating caller graph for function cJSON_DeleteItemFromObject
Generating caller graph for function cJSON_DetachItemFromArray
Generating call graph for function cJSON_DetachItemFromObject
Generating caller graph for function cJSON_DetachItemFromObject
Generating call graph for function cJSON_Duplicate
Generating caller graph for function cJSON_Duplicate
Generating caller graph for function cJSON_GetArrayItem
Generating caller graph for function cJSON_GetArraySize
Generating caller graph for function cJSON_GetObjectItem
Generating call graph for function cJSON_HasObjectItem
Generating call graph for function cJSON_InsertItemInArray
Generating call graph for function cJSON_Parse
Generating caller graph for function cJSON_Parse
Generating call graph for function cJSON_ParseWithOpts
Generating caller graph for function cJSON_ParseWithOpts
Generating caller graph for function cJSON_Print
Generating caller graph for function cJSON_PrintUnformatted
Generating call graph for function cJSON_ReplaceItemInArray
Generating caller graph for function cJSON_ReplaceItemInArray
Generating call graph for function cJSON_ReplaceItemInObject
Generating docs for file /home/travis/build/taka-wang/modbusd/json/cJSON_Utils.c...
Generating call graph for function cJSONUtils_FindPointerFromObjectTo
Generating caller graph for function cJSONUtils_FindPointerFromObjectTo
Generating call graph for function cJSONUtils_GenerateMergePatch
Generating caller graph for function cJSONUtils_GenerateMergePatch
Generating call graph for function cJSONUtils_GeneratePatches
Generating call graph for function cJSONUtils_GetPointer
Generating call graph for function cJSONUtils_MergePatch
Generating caller graph for function cJSONUtils_MergePatch
Generating caller graph for function cJSONUtils_SortObject
Generating docs for file /home/travis/build/taka-wang/modbusd/json/cJSON_Utils.h...
Generating call graph for function cJSONUtils_FindPointerFromObjectTo
Generating caller graph for function cJSONUtils_FindPointerFromObjectTo
Generating call graph for function cJSONUtils_GenerateMergePatch
Generating caller graph for function cJSONUtils_GenerateMergePatch
Generating call graph for function cJSONUtils_GeneratePatches
Generating call graph for function cJSONUtils_GetPointer
Generating call graph for function cJSONUtils_MergePatch
Generating caller graph for function cJSONUtils_MergePatch
Generating caller graph for function cJSONUtils_SortObject
Generating docs for file /home/travis/build/taka-wang/modbusd/log.h...
Generating docs for file /home/travis/build/taka-wang/modbusd/main.c...
Generating call graph for function main
Generating docs for file /home/travis/build/taka-wang/modbusd/main.h...
Generating docs for file /home/travis/build/taka-wang/modbusd/mb.c...
Generating call graph for function set_modbus_fail_resp_str
Generating caller graph for function set_modbus_fail_resp_str
Generating call graph for function set_modbus_fail_resp_str_with_errno
Generating call graph for function set_modbus_success_resp_str
Generating call graph for function set_modbus_success_resp_str_with_data
Generating docs for file /home/travis/build/taka-wang/modbusd/mb.h...
Generating call graph for function mbtcp_cmd_hanlder
Generating caller graph for function mbtcp_cmd_hanlder
Generating caller graph for function mbtcp_do_connect
Generating caller graph for function mbtcp_fc15_req
Generating caller graph for function mbtcp_fc16_req
Generating caller graph for function mbtcp_fc1_req
Generating caller graph for function mbtcp_fc2_req
Generating caller graph for function mbtcp_fc3_req
Generating caller graph for function mbtcp_fc4_req
Generating caller graph for function mbtcp_fc5_req
Generating caller graph for function mbtcp_fc6_req
Generating caller graph for function mbtcp_get_connection_status
Generating caller graph for function mbtcp_get_handle
Generating call graph for function mbtcp_init_handle
Generating caller graph for function mbtcp_init_handle
Generating call graph for function mbtcp_set_response_timeout
Generating caller graph for function mbtcp_set_response_timeout
Generating call graph for function set_modbus_fail_resp_str
Generating caller graph for function set_modbus_fail_resp_str
Generating call graph for function set_modbus_fail_resp_str_with_errno
Generating call graph for function set_modbus_success_resp_str
Generating call graph for function set_modbus_success_resp_str_with_data
Generating docs for file /home/travis/build/taka-wang/modbusd/mbtcp.c...
Generating call graph for function mbtcp_cmd_hanlder
Generating caller graph for function mbtcp_cmd_hanlder
Generating caller graph for function mbtcp_do_connect
Generating caller graph for function mbtcp_fc15_req
Generating caller graph for function mbtcp_fc16_req
Generating caller graph for function mbtcp_fc1_req
Generating caller graph for function mbtcp_fc2_req
Generating caller graph for function mbtcp_fc3_req
Generating caller graph for function mbtcp_fc4_req
Generating caller graph for function mbtcp_fc5_req
Generating caller graph for function mbtcp_fc6_req
Generating caller graph for function mbtcp_get_connection_status
Generating caller graph for function mbtcp_get_handle
Generating call graph for function mbtcp_init_handle
Generating caller graph for function mbtcp_init_handle
Generating call graph for function mbtcp_set_response_timeout
Generating caller graph for function mbtcp_set_response_timeout
Generating docs for file /home/travis/build/taka-wang/modbusd/tests/cmbserver/server.c...
Generating docs for file /home/travis/build/taka-wang/modbusd/tests/cunit/test.c...
Generating call graph for function main
Generating call graph for function test_init_tcp_handle_and_connect
Generating caller graph for function test_init_tcp_handle_and_connect
Generating call graph for function test_json_decode
Generating caller graph for function test_json_decode
Generating call graph for function test_json_encode
Generating caller graph for function test_json_encode
Generating caller graph for function test_multiple_add_find
Generating caller graph for function test_single_add_find
Generating docs for file /home/travis/build/taka-wang/modbusd/tests/mbserver/helpers.js...
Generating docs for file /home/travis/build/taka-wang/modbusd/tests/mbserver/server.js...
Generating docs for file /home/travis/build/taka-wang/modbusd/tests/zclient/client.js...
Generating docs for file /home/travis/build/taka-wang/modbusd/tests/zclient/client2.js...
Generating docs for file /home/travis/build/taka-wang/modbusd/tests/zclient/client3.js...
Generating docs for file /home/travis/build/taka-wang/modbusd/tests/zclient/sub.js...
Generating docs for file /home/travis/build/taka-wang/modbusd/uthash.h...
Generating page documentation...
Generating group documentation...
Generating class documentation...
Generating docs for compound cJSON...
Generating docs for compound cJSON_Hooks...
Generating docs for compound mbtcp_handle_s...
Generating docs for compound mbtcp_key_s...
Generating docs for compound printbuffer...
Generating docs for compound UT_hash_bucket...
Generating docs for compound UT_hash_handle...
Generating docs for compound UT_hash_table...
Generating namespace index...
Generating graph info page...
Generating directory documentation...
Generating dependency graph for directory /home/travis/build/taka-wang/modbusd/tests/cmbserver
Generating dependency graph for directory /home/travis/build/taka-wang/modbusd/tests/cunit
Generating dependency graph for directory /home/travis/build/taka-wang/modbusd/json
Generating dependency graph for directory /home/travis/build/taka-wang/modbusd/tests/mbserver
Generating dependency graph for directory /home/travis/build/taka-wang/modbusd/tests
Generating dependency graph for directory /home/travis/build/taka-wang/modbusd/tests/zclient
Generating index page...
Generating page index...
Generating module index...
Generating namespace index...
Generating namespace member index...
Generating annotated compound index...
Generating alphabetical compound index...
Generating hierarchical class index...
Generating graphical class hierarchy...
Generating member index...
Generating file index...
Generating file member index...
Generating example index...
finalizing index lists...
Running dot...
Generating dot graphs using 3 parallel threads...
Running dot for graph 1/210
Running dot for graph 2/210
Running dot for graph 3/210
Running dot for graph 4/210
Running dot for graph 5/210
Running dot for graph 6/210
Running dot for graph 7/210
Running dot for graph 8/210
Running dot for graph 9/210
Running dot for graph 10/210
Running dot for graph 11/210
Running dot for graph 12/210
Running dot for graph 13/210
Running dot for graph 14/210
Running dot for graph 15/210
Running dot for graph 16/210
Running dot for graph 17/210
Running dot for graph 18/210
Running dot for graph 19/210
Running dot for graph 20/210
Running dot for graph 21/210
Running dot for graph 22/210
Running dot for graph 23/210
Running dot for graph 24/210
Running dot for graph 25/210
Running dot for graph 26/210
Running dot for graph 27/210
Running dot for graph 28/210
Running dot for graph 29/210
Running dot for graph 30/210
Running dot for graph 31/210
Running dot for graph 32/210
Running dot for graph 33/210
Running dot for graph 34/210
Running dot for graph 35/210
Running dot for graph 36/210
Running dot for graph 37/210
Running dot for graph 38/210
Running dot for graph 39/210
Running dot for graph 40/210
Running dot for graph 41/210
Running dot for graph 42/210
Running dot for graph 43/210
Running dot for graph 44/210
Running dot for graph 45/210
Running dot for graph 46/210
Running dot for graph 47/210
Running dot for graph 48/210
Running dot for graph 49/210
Running dot for graph 50/210
Running dot for graph 51/210
Running dot for graph 52/210
Running dot for graph 53/210
Running dot for graph 54/210
Running dot for graph 55/210
Running dot for graph 56/210
Running dot for graph 57/210
Running dot for graph 58/210
Running dot for graph 59/210
Running dot for graph 60/210
Running dot for graph 61/210
Running dot for graph 62/210
Running dot for graph 63/210
Running dot for graph 64/210
Running dot for graph 65/210
Running dot for graph 66/210
Running dot for graph 67/210
Running dot for graph 68/210
Running dot for graph 69/210
Running dot for graph 70/210
Running dot for graph 71/210
Running dot for graph 72/210
Running dot for graph 73/210
Running dot for graph 74/210
Running dot for graph 75/210
Running dot for graph 76/210
Running dot for graph 77/210
Running dot for graph 78/210
Running dot for graph 79/210
Running dot for graph 80/210
Running dot for graph 81/210
Running dot for graph 82/210
Running dot for graph 83/210
Running dot for graph 84/210
Running dot for graph 85/210
Running dot for graph 86/210
Running dot for graph 87/210
Running dot for graph 88/210
Running dot for graph 89/210
Running dot for graph 90/210
Running dot for graph 91/210
Running dot for graph 92/210
Running dot for graph 93/210
Running dot for graph 94/210
Running dot for graph 95/210
Running dot for graph 96/210
Running dot for graph 97/210
Running dot for graph 98/210
Running dot for graph 99/210
Running dot for graph 100/210
Running dot for graph 101/210
Running dot for graph 102/210
Running dot for graph 103/210
Running dot for graph 104/210
Running dot for graph 105/210
Running dot for graph 106/210
Running dot for graph 107/210
Running dot for graph 108/210
Running dot for graph 109/210
Running dot for graph 110/210
Running dot for graph 111/210
Running dot for graph 112/210
Running dot for graph 113/210
Running dot for graph 114/210
Running dot for graph 115/210
Running dot for graph 116/210
Running dot for graph 117/210
Running dot for graph 118/210
Running dot for graph 119/210
Running dot for graph 120/210
Running dot for graph 121/210
Running dot for graph 122/210
Running dot for graph 123/210
Running dot for graph 124/210
Running dot for graph 125/210
Running dot for graph 126/210
Running dot for graph 127/210
Running dot for graph 128/210
Running dot for graph 129/210
Running dot for graph 130/210
Running dot for graph 131/210
Running dot for graph 132/210
Running dot for graph 133/210
Running dot for graph 134/210
Running dot for graph 135/210
Running dot for graph 136/210
Running dot for graph 137/210
Running dot for graph 138/210
Running dot for graph 139/210
Running dot for graph 140/210
Running dot for graph 141/210
Running dot for graph 142/210
Running dot for graph 143/210
Running dot for graph 144/210
Running dot for graph 145/210
Running dot for graph 146/210
Running dot for graph 147/210
Running dot for graph 148/210
Running dot for graph 149/210
Running dot for graph 150/210
Running dot for graph 151/210
Running dot for graph 152/210
Running dot for graph 153/210
Running dot for graph 154/210
Running dot for graph 155/210
Running dot for graph 156/210
Running dot for graph 157/210
Running dot for graph 158/210
Running dot for graph 159/210
Running dot for graph 160/210
Running dot for graph 161/210
Running dot for graph 162/210
Running dot for graph 163/210
Running dot for graph 164/210
Running dot for graph 165/210
Running dot for graph 166/210
Running dot for graph 167/210
Running dot for graph 168/210
Running dot for graph 169/210
Running dot for graph 170/210
Running dot for graph 171/210
Running dot for graph 172/210
Running dot for graph 173/210
Running dot for graph 174/210
Running dot for graph 175/210
Running dot for graph 176/210
Running dot for graph 177/210
Running dot for graph 178/210
Running dot for graph 179/210
Running dot for graph 180/210
Running dot for graph 181/210
Running dot for graph 182/210
Running dot for graph 183/210
Running dot for graph 184/210
Running dot for graph 185/210
Running dot for graph 186/210
Running dot for graph 187/210
Running dot for graph 188/210
Running dot for graph 189/210
Running dot for graph 190/210
Running dot for graph 191/210
Running dot for graph 192/210
Running dot for graph 193/210
Running dot for graph 194/210
Running dot for graph 195/210
Running dot for graph 196/210
Running dot for graph 197/210
Running dot for graph 198/210
Running dot for graph 199/210
Running dot for graph 200/210
Running dot for graph 201/210
Running dot for graph 202/210
Running dot for graph 203/210
Running dot for graph 204/210
Running dot for graph 205/210
Running dot for graph 206/210
Running dot for graph 207/210
Running dot for graph 208/210
Running dot for graph 209/210
Running dot for graph 210/210
Patching output file 1/29
Patching output file 2/29
Patching output file 3/29
Patching output file 4/29
Patching output file 5/29
Patching output file 6/29
Patching output file 7/29
Patching output file 8/29
Patching output file 9/29
Patching output file 10/29
Patching output file 11/29
Patching output file 12/29
Patching output file 13/29
Patching output file 14/29
Patching output file 15/29
Patching output file 16/29
Patching output file 17/29
Patching output file 18/29
Patching output file 19/29
Patching output file 20/29
Patching output file 21/29
Patching output file 22/29
Patching output file 23/29
Patching output file 24/29
Patching output file 25/29
Patching output file 26/29
Patching output file 27/29
Patching output file 28/29
Patching output file 29/29
lookup cache used 357/65536 hits=4781 misses=365
finished...
